#
# There is insufficient memory for the Java Runtime Environment to continue.
# Native memory allocation (malloc) failed to allocate 358416 bytes for Chunk::new
# Possible reasons:
#   The system is out of physical RAM or swap space
#   The process is running with CompressedOops enabled, and the Java Heap may be blocking the growth of the native heap
# Possible solutions:
#   Reduce memory load on the system
#   Increase physical memory or swap space
#   Check if swap backing store is full
#   Decrease Java heap size (-Xmx/-Xms)
#   Decrease number of Java threads
#   Decrease Java thread stack sizes (-Xss)
#   Set larger code cache with -XX:ReservedCodeCacheSize=
#   JVM is running with Unscaled Compressed Oops mode in which the Java heap is
#     placed in the first 4GB address space. The Java Heap base address is the
#     maximum limit for the native heap growth. Please use -XX:HeapBaseMinAddress
#     to set the Java Heap base and to place the Java Heap above 4GB virtual address.
# This output file may be truncated or incomplete.
#
#  Out of Memory Error (t:/workspace/open/src/hotspot/share/memory/arena.cpp:196), pid=17228, tid=18928
#
# JRE version: Java(TM) SE Runtime Environment (13.0.1+9) (build 13.0.1+9)
# Java VM: Java HotSpot(TM) 64-Bit Server VM (13.0.1+9, mixed mode, sharing, tiered, compressed oops, g1 gc, windows-amd64)
# No core dump will be written. Minidumps are not enabled by default on client versions of Windows
#

---------------  S U M M A R Y ------------

Command Line: -Dfile.encoding=UTF-8 typesofLocators.Locators.locatorsExample

Host: Intel(R) Core(TM) i3-7020U CPU @ 2.30GHz, 4 cores, 3G,  Windows 10 , 64 bit Build 17134 (10.0.17134.1)
Time: Tue Jun  9 20:08:34 2020 India Standard Time elapsed time: 8 seconds (0d 0h 0m 8s)

---------------  T H R E A D  ---------------

Current thread (0x0000020f30fa7800):  JavaThread "C2 CompilerThread0" daemon [_thread_in_native, id=18928, stack(0x000000b7b5900000,0x000000b7b5a00000)]


Current CompileTask:
C2:   8402 1569 % !   4       java.util.concurrent.ConcurrentHashMap::transfer @ 372 (849 bytes)

Stack: [0x000000b7b5900000,0x000000b7b5a00000]
Native frames: (J=compiled Java code, j=interpreted, Vv=VM code, C=native code)
V  [jvm.dll+0x626eca]
V  [jvm.dll+0x772c6a]
V  [jvm.dll+0x77441f]
V  [jvm.dll+0x774a23]
V  [jvm.dll+0x24da58]
V  [jvm.dll+0xc3ae7]
V  [jvm.dll+0xc406c]
V  [jvm.dll+0x35de18]
V  [jvm.dll+0x329593]
V  [jvm.dll+0x32896a]
V  [jvm.dll+0x2078c7]
V  [jvm.dll+0x206adf]
V  [jvm.dll+0x18b94c]
V  [jvm.dll+0x2159bd]
V  [jvm.dll+0x213e6b]
V  [jvm.dll+0x738b16]
V  [jvm.dll+0x731c0a]
V  [jvm.dll+0x6260c6]
C  [ucrtbase.dll+0x1c1ae]
C  [KERNEL32.DLL+0x13034]
C  [ntdll.dll+0x71431]


---------------  P R O C E S S  ---------------

Threads class SMR info:
_java_thread_list=0x0000020f32ac6300, length=18, elements={
0x0000020f14f65000, 0x0000020f30f87000, 0x0000020f30f8a800, 0x0000020f30fa3800,
0x0000020f30fa5800, 0x0000020f30fa7800, 0x0000020f30fa8800, 0x0000020f30fb0000,
0x0000020f319dd000, 0x0000020f319de000, 0x0000020f321c5800, 0x0000020f322de800,
0x0000020f32410800, 0x0000020f324c1000, 0x0000020f3243d000, 0x0000020f32404000,
0x0000020f3243b800, 0x0000020f328ef000
}

Java Threads: ( => current thread )
  0x0000020f14f65000 JavaThread "Forwarding newSession on session null to remote" [_thread_in_vm, id=15792, stack(0x000000b7b4e00000,0x000000b7b4f00000)]
  0x0000020f30f87000 JavaThread "Reference Handler" daemon [_thread_blocked, id=21064, stack(0x000000b7b5500000,0x000000b7b5600000)]
  0x0000020f30f8a800 JavaThread "Finalizer" daemon [_thread_blocked, id=19696, stack(0x000000b7b5600000,0x000000b7b5700000)]
  0x0000020f30fa3800 JavaThread "Signal Dispatcher" daemon [_thread_blocked, id=18800, stack(0x000000b7b5700000,0x000000b7b5800000)]
  0x0000020f30fa5800 JavaThread "Attach Listener" daemon [_thread_blocked, id=2192, stack(0x000000b7b5800000,0x000000b7b5900000)]
=>0x0000020f30fa7800 JavaThread "C2 CompilerThread0" daemon [_thread_in_native, id=18928, stack(0x000000b7b5900000,0x000000b7b5a00000)]
  0x0000020f30fa8800 JavaThread "C1 CompilerThread0" daemon [_thread_blocked, id=11040, stack(0x000000b7b5a00000,0x000000b7b5b00000)]
  0x0000020f30fb0000 JavaThread "Sweeper thread" daemon [_thread_blocked, id=16764, stack(0x000000b7b5b00000,0x000000b7b5c00000)]
  0x0000020f319dd000 JavaThread "Service Thread" daemon [_thread_blocked, id=896, stack(0x000000b7b5c00000,0x000000b7b5d00000)]
  0x0000020f319de000 JavaThread "Common-Cleaner" daemon [_thread_blocked, id=14696, stack(0x000000b7b5e00000,0x000000b7b5f00000)]
  0x0000020f321c5800 JavaThread "ForkJoinPool.commonPool-worker-3" daemon [_thread_blocked, id=3708, stack(0x000000b7b6000000,0x000000b7b6100000)]
  0x0000020f322de800 JavaThread "AsyncHttpClient-timer-1-1" [_thread_blocked, id=20508, stack(0x000000b7b6100000,0x000000b7b6200000)]
  0x0000020f32410800 JavaThread "Exec Default Executor" daemon [_thread_in_native, id=19040, stack(0x000000b7b6200000,0x000000b7b6300000)]
  0x0000020f324c1000 JavaThread "ForkJoinPool.commonPool-worker-5" daemon [_thread_blocked, id=8388, stack(0x000000b7b6300000,0x000000b7b6400000)]
  0x0000020f3243d000 JavaThread "UrlChecker-2" daemon [_thread_blocked, id=14808, stack(0x000000b7b6400000,0x000000b7b6500000)]
  0x0000020f32404000 JavaThread "Exec Stream Pumper" daemon [_thread_in_native, id=2180, stack(0x000000b7b6600000,0x000000b7b6700000)]
  0x0000020f3243b800 JavaThread "Exec Stream Pumper" daemon [_thread_in_native, id=16348, stack(0x000000b7b6700000,0x000000b7b6800000)]
  0x0000020f328ef000 JavaThread "AsyncHttpClient-3-1" [_thread_in_native, id=20676, stack(0x000000b7b6b00000,0x000000b7b6c00000)]

Other Threads:
  0x0000020f30f86000 VMThread "VM Thread" [stack: 0x000000b7b5400000,0x000000b7b5500000] [id=7664]
  0x0000020f319e1800 WatcherThread [stack: 0x000000b7b5d00000,0x000000b7b5e00000] [id=19916]
  0x0000020f14f95000 GCTaskThread "GC Thread#0" [stack: 0x000000b7b4f00000,0x000000b7b5000000] [id=7612]
  0x0000020f32013800 GCTaskThread "GC Thread#1" [stack: 0x000000b7b5f00000,0x000000b7b6000000] [id=16188]
  0x0000020f3243c000 GCTaskThread "GC Thread#2" [stack: 0x000000b7b6800000,0x000000b7b6900000] [id=20780]
  0x0000020f32467000 GCTaskThread "GC Thread#3" [stack: 0x000000b7b6900000,0x000000b7b6a00000] [id=18812]
  0x0000020f14f9e800 ConcurrentGCThread "G1 Main Marker" [stack: 0x000000b7b5000000,0x000000b7b5100000] [id=19656]
  0x0000020f14fa2000 ConcurrentGCThread "G1 Conc#0" [stack: 0x000000b7b5100000,0x000000b7b5200000] [id=20168]
  0x0000020f1501e800 ConcurrentGCThread "G1 Refine#0" [stack: 0x000000b7b5200000,0x000000b7b5300000] [id=18344]
  0x0000020f30e10800 ConcurrentGCThread "G1 Young RemSet Sampling" [stack: 0x000000b7b5300000,0x000000b7b5400000] [id=14848]

Threads with active compile tasks:
C2 CompilerThread0     8444 1569 % !   4       java.util.concurrent.ConcurrentHashMap::transfer @ 372 (849 bytes)

VM state:not at safepoint (normal execution)

VM Mutex/Monitor currently owned by a thread: None

Heap address: 0x00000000c1600000, size: 1002 MB, Compressed Oops mode: 32-bit
Narrow klass base: 0x0000000800000000, Narrow klass shift: 3
Compressed class space size: 1073741824 Address: 0x0000000800b40000

Heap:
 garbage-first heap   total 65536K, used 51272K [0x00000000c1600000, 0x0000000100000000)
  region size 1024K, 33 young (33792K), 5 survivors (5120K)
 Metaspace       used 16776K, capacity 17268K, committed 17280K, reserved 1064960K
  class space    used 1997K, capacity 2174K, committed 2176K, reserved 1048576K
Heap Regions: E=young(eden), S=young(survivor), O=old, HS=humongous(starts), HC=humongous(continues), CS=collection set, F=free, A=archive, TAMS=top-at-mark-start (previous, next)
|   0|0x00000000c1600000, 0x00000000c1600000, 0x00000000c1700000|  0%| F|  |TAMS 0x00000000c1600000, 0x00000000c1600000| Untracked 
|   1|0x00000000c1700000, 0x00000000c1800000, 0x00000000c1800000|100%| O|  |TAMS 0x00000000c1700000, 0x00000000c1700000| Untracked 
|   2|0x00000000c1800000, 0x00000000c1868c00, 0x00000000c1900000| 40%| O|  |TAMS 0x00000000c1800000, 0x00000000c1800000| Untracked 
|   3|0x00000000c1900000, 0x00000000c1a00000, 0x00000000c1a00000|100%|HS|  |TAMS 0x00000000c1900000, 0x00000000c1900000| Complete 
|   4|0x00000000c1a00000, 0x00000000c1b00000, 0x00000000c1b00000|100%|HC|  |TAMS 0x00000000c1a00000, 0x00000000c1a00000| Complete 
|   5|0x00000000c1b00000, 0x00000000c1c00000, 0x00000000c1c00000|100%|HC|  |TAMS 0x00000000c1b00000, 0x00000000c1b00000| Complete 
|   6|0x00000000c1c00000, 0x00000000c1d00000, 0x00000000c1d00000|100%|HC|  |TAMS 0x00000000c1c00000, 0x00000000c1c00000| Complete 
|   7|0x00000000c1d00000, 0x00000000c1e00000, 0x00000000c1e00000|100%|HC|  |TAMS 0x00000000c1d00000, 0x00000000c1d00000| Complete 
|   8|0x00000000c1e00000, 0x00000000c1f00000, 0x00000000c1f00000|100%|HC|  |TAMS 0x00000000c1e00000, 0x00000000c1e00000| Complete 
|   9|0x00000000c1f00000, 0x00000000c2000000, 0x00000000c2000000|100%|HC|  |TAMS 0x00000000c1f00000, 0x00000000c1f00000| Complete 
|  10|0x00000000c2000000, 0x00000000c2100000, 0x00000000c2100000|100%|HC|  |TAMS 0x00000000c2000000, 0x00000000c2000000| Complete 
|  11|0x00000000c2100000, 0x00000000c2200000, 0x00000000c2200000|100%|HC|  |TAMS 0x00000000c2100000, 0x00000000c2100000| Complete 
|  12|0x00000000c2200000, 0x00000000c2300000, 0x00000000c2300000|100%|HC|  |TAMS 0x00000000c2200000, 0x00000000c2200000| Complete 
|  13|0x00000000c2300000, 0x00000000c2400000, 0x00000000c2400000|100%|HC|  |TAMS 0x00000000c2300000, 0x00000000c2300000| Complete 
|  14|0x00000000c2400000, 0x00000000c2500000, 0x00000000c2500000|100%|HC|  |TAMS 0x00000000c2400000, 0x00000000c2400000| Complete 
|  15|0x00000000c2500000, 0x00000000c2600000, 0x00000000c2600000|100%|HC|  |TAMS 0x00000000c2500000, 0x00000000c2500000| Complete 
|  16|0x00000000c2600000, 0x00000000c2700000, 0x00000000c2700000|100%|HC|  |TAMS 0x00000000c2600000, 0x00000000c2600000| Complete 
|  17|0x00000000c2700000, 0x00000000c2800000, 0x00000000c2800000|100%|HC|  |TAMS 0x00000000c2700000, 0x00000000c2700000| Complete 
|  18|0x00000000c2800000, 0x00000000c2900000, 0x00000000c2900000|100%|HC|  |TAMS 0x00000000c2800000, 0x00000000c2800000| Complete 
|  19|0x00000000c2900000, 0x00000000c2a00000, 0x00000000c2a00000|100%|HC|  |TAMS 0x00000000c2900000, 0x00000000c2900000| Complete 
|  20|0x00000000c2a00000, 0x00000000c2a00000, 0x00000000c2b00000|  0%| F|  |TAMS 0x00000000c2a00000, 0x00000000c2a00000| Untracked 
|  21|0x00000000c2b00000, 0x00000000c2ba9560, 0x00000000c2c00000| 66%| S|CS|TAMS 0x00000000c2b00000, 0x00000000c2b00000| Complete 
|  22|0x00000000c2c00000, 0x00000000c2d00000, 0x00000000c2d00000|100%| S|CS|TAMS 0x00000000c2c00000, 0x00000000c2c00000| Complete 
|  23|0x00000000c2d00000, 0x00000000c2e00000, 0x00000000c2e00000|100%| S|CS|TAMS 0x00000000c2d00000, 0x00000000c2d00000| Complete 
|  24|0x00000000c2e00000, 0x00000000c2f00000, 0x00000000c2f00000|100%| S|CS|TAMS 0x00000000c2e00000, 0x00000000c2e00000| Complete 
|  25|0x00000000c2f00000, 0x00000000c3000000, 0x00000000c3000000|100%| S|CS|TAMS 0x00000000c2f00000, 0x00000000c2f00000| Complete 
|  26|0x00000000c3000000, 0x00000000c3000000, 0x00000000c3100000|  0%| F|  |TAMS 0x00000000c3000000, 0x00000000c3000000| Untracked 
|  27|0x00000000c3100000, 0x00000000c3100000, 0x00000000c3200000|  0%| F|  |TAMS 0x00000000c3100000, 0x00000000c3100000| Untracked 
|  28|0x00000000c3200000, 0x00000000c3200000, 0x00000000c3300000|  0%| F|  |TAMS 0x00000000c3200000, 0x00000000c3200000| Untracked 
|  29|0x00000000c3300000, 0x00000000c3300000, 0x00000000c3400000|  0%| F|  |TAMS 0x00000000c3300000, 0x00000000c3300000| Untracked 
|  30|0x00000000c3400000, 0x00000000c3400000, 0x00000000c3500000|  0%| F|  |TAMS 0x00000000c3400000, 0x00000000c3400000| Untracked 
|  31|0x00000000c3500000, 0x00000000c3500000, 0x00000000c3600000|  0%| F|  |TAMS 0x00000000c3500000, 0x00000000c3500000| Untracked 
|  32|0x00000000c3600000, 0x00000000c3600000, 0x00000000c3700000|  0%| F|  |TAMS 0x00000000c3600000, 0x00000000c3600000| Untracked 
|  33|0x00000000c3700000, 0x00000000c3700000, 0x00000000c3800000|  0%| F|  |TAMS 0x00000000c3700000, 0x00000000c3700000| Untracked 
|  34|0x00000000c3800000, 0x00000000c3800000, 0x00000000c3900000|  0%| F|  |TAMS 0x00000000c3800000, 0x00000000c3800000| Untracked 
|  35|0x00000000c3900000, 0x00000000c3900000, 0x00000000c3a00000|  0%| F|  |TAMS 0x00000000c3900000, 0x00000000c3900000| Untracked 
|  36|0x00000000c3a00000, 0x00000000c3b00000, 0x00000000c3b00000|100%| E|  |TAMS 0x00000000c3a00000, 0x00000000c3a00000| Complete 
|  37|0x00000000c3b00000, 0x00000000c3c00000, 0x00000000c3c00000|100%| E|CS|TAMS 0x00000000c3b00000, 0x00000000c3b00000| Complete 
|  38|0x00000000c3c00000, 0x00000000c3d00000, 0x00000000c3d00000|100%| E|CS|TAMS 0x00000000c3c00000, 0x00000000c3c00000| Complete 
|  39|0x00000000c3d00000, 0x00000000c3e00000, 0x00000000c3e00000|100%| E|CS|TAMS 0x00000000c3d00000, 0x00000000c3d00000| Complete 
|  40|0x00000000c3e00000, 0x00000000c3f00000, 0x00000000c3f00000|100%| E|CS|TAMS 0x00000000c3e00000, 0x00000000c3e00000| Complete 
|  41|0x00000000c3f00000, 0x00000000c4000000, 0x00000000c4000000|100%| E|CS|TAMS 0x00000000c3f00000, 0x00000000c3f00000| Complete 
|  42|0x00000000c4000000, 0x00000000c4100000, 0x00000000c4100000|100%| E|CS|TAMS 0x00000000c4000000, 0x00000000c4000000| Complete 
|  43|0x00000000c4100000, 0x00000000c4200000, 0x00000000c4200000|100%| E|CS|TAMS 0x00000000c4100000, 0x00000000c4100000| Complete 
|  44|0x00000000c4200000, 0x00000000c4300000, 0x00000000c4300000|100%| E|CS|TAMS 0x00000000c4200000, 0x00000000c4200000| Complete 
|  45|0x00000000c4300000, 0x00000000c4400000, 0x00000000c4400000|100%| E|CS|TAMS 0x00000000c4300000, 0x00000000c4300000| Complete 
|  46|0x00000000c4400000, 0x00000000c4500000, 0x00000000c4500000|100%| E|CS|TAMS 0x00000000c4400000, 0x00000000c4400000| Complete 
|  47|0x00000000c4500000, 0x00000000c4600000, 0x00000000c4600000|100%| E|CS|TAMS 0x00000000c4500000, 0x00000000c4500000| Complete 
|  48|0x00000000c4600000, 0x00000000c4700000, 0x00000000c4700000|100%| E|CS|TAMS 0x00000000c4600000, 0x00000000c4600000| Complete 
|  49|0x00000000c4700000, 0x00000000c4800000, 0x00000000c4800000|100%| E|CS|TAMS 0x00000000c4700000, 0x00000000c4700000| Complete 
|  50|0x00000000c4800000, 0x00000000c4900000, 0x00000000c4900000|100%| E|CS|TAMS 0x00000000c4800000, 0x00000000c4800000| Complete 
|  51|0x00000000c4900000, 0x00000000c4a00000, 0x00000000c4a00000|100%| E|CS|TAMS 0x00000000c4900000, 0x00000000c4900000| Complete 
|  52|0x00000000c4a00000, 0x00000000c4b00000, 0x00000000c4b00000|100%| E|CS|TAMS 0x00000000c4a00000, 0x00000000c4a00000| Complete 
|  53|0x00000000c4b00000, 0x00000000c4c00000, 0x00000000c4c00000|100%| E|CS|TAMS 0x00000000c4b00000, 0x00000000c4b00000| Complete 
|  54|0x00000000c4c00000, 0x00000000c4d00000, 0x00000000c4d00000|100%| E|CS|TAMS 0x00000000c4c00000, 0x00000000c4c00000| Complete 
|  55|0x00000000c4d00000, 0x00000000c4e00000, 0x00000000c4e00000|100%| E|CS|TAMS 0x00000000c4d00000, 0x00000000c4d00000| Complete 
|  56|0x00000000c4e00000, 0x00000000c4f00000, 0x00000000c4f00000|100%| E|CS|TAMS 0x00000000c4e00000, 0x00000000c4e00000| Complete 
|  57|0x00000000c4f00000, 0x00000000c5000000, 0x00000000c5000000|100%| E|CS|TAMS 0x00000000c4f00000, 0x00000000c4f00000| Complete 
|  58|0x00000000c5000000, 0x00000000c5100000, 0x00000000c5100000|100%| E|CS|TAMS 0x00000000c5000000, 0x00000000c5000000| Complete 
|  59|0x00000000c5100000, 0x00000000c5200000, 0x00000000c5200000|100%| E|CS|TAMS 0x00000000c5100000, 0x00000000c5100000| Complete 
|  60|0x00000000c5200000, 0x00000000c5300000, 0x00000000c5300000|100%| E|CS|TAMS 0x00000000c5200000, 0x00000000c5200000| Complete 
|  61|0x00000000c5300000, 0x00000000c5400000, 0x00000000c5400000|100%| E|CS|TAMS 0x00000000c5300000, 0x00000000c5300000| Complete 
|  62|0x00000000c5400000, 0x00000000c5500000, 0x00000000c5500000|100%| E|CS|TAMS 0x00000000c5400000, 0x00000000c5400000| Complete 
|  63|0x00000000c5500000, 0x00000000c5600000, 0x00000000c5600000|100%| E|CS|TAMS 0x00000000c5500000, 0x00000000c5500000| Complete 

Card table byte_map: [0x0000020f2c660000,0x0000020f2c860000] _byte_map_base: 0x0000020f2c055000

Marking Bits (Prev, Next): (CMBitMap*) 0x0000020f14f96088, (CMBitMap*) 0x0000020f14f960c8
 Prev Bits: [0x0000020f2ca60000, 0x0000020f2da08000)
 Next Bits: [0x0000020f2da10000, 0x0000020f2e9b8000)

Polling page: 0x0000020f14730000

Metaspace:

Usage:
  Non-class:     14.75 MB capacity,    14.44 MB ( 98%) used,   259.59 KB (  2%) free+waste,    50.63 KB ( <1%) overhead. 
      Class:      2.13 MB capacity,     1.95 MB ( 92%) used,   150.96 KB (  7%) free+waste,    26.19 KB (  1%) overhead. 
       Both:     16.87 MB capacity,    16.40 MB ( 97%) used,   410.55 KB (  2%) free+waste,    76.81 KB ( <1%) overhead. 

Virtual space:
  Non-class space:       16.00 MB reserved,      14.75 MB ( 92%) committed 
      Class space:        1.00 GB reserved,       2.25 MB ( <1%) committed 
             Both:        1.02 GB reserved,      17.00 MB (  2%) committed 

Chunk freelists:
   Non-Class:  3.00 KB
       Class:  0 bytes
        Both:  3.00 KB

MaxMetaspaceSize: 17179869184.00 GB
CompressedClassSpaceSize: 1.00 GB

CodeHeap 'non-profiled nmethods': size=120064Kb used=581Kb max_used=581Kb free=119482Kb
 bounds [0x0000020f24f20000, 0x0000020f25190000, 0x0000020f2c460000]
CodeHeap 'profiled nmethods': size=120000Kb used=3049Kb max_used=3049Kb free=116951Kb
 bounds [0x0000020f1d9f0000, 0x0000020f1dcf0000, 0x0000020f24f20000]
CodeHeap 'non-nmethods': size=5696Kb used=1264Kb max_used=1268Kb free=4431Kb
 bounds [0x0000020f1d460000, 0x0000020f1d6d0000, 0x0000020f1d9f0000]
 total_blobs=2760 nmethods=1509 adapters=441
 compilation: enabled
              stopped_count=0, restarted_count=0
 full_count=0

Compilation events (20 events):
Event: 4.278 Thread 0x0000020f30fa7800 nmethod 1560% 0x0000020f24fad690 code [0x0000020f24fad860, 0x0000020f24faec88]
Event: 4.280 Thread 0x0000020f30fa7800 1561       4       java.lang.StringConcatHelper::prepend (37 bytes)
Event: 4.281 Thread 0x0000020f30fa7800 nmethod 1561 0x0000020f24f4ce10 code [0x0000020f24f4cfa0, 0x0000020f24f4d0f8]
Event: 4.477 Thread 0x0000020f30fa8800 1562       1       io.netty.util.HashedWheelTimer::access$200 (5 bytes)
Event: 4.477 Thread 0x0000020f30fa8800 nmethod 1562 0x0000020f24faf490 code [0x0000020f24faf620, 0x0000020f24faf718]
Event: 6.582 Thread 0x0000020f30fa8800 1564       1       io.netty.util.internal.shaded.org.jctools.queues.BaseMpscLinkedArrayQueueProducerFields::lvProducerIndex (5 bytes)
Event: 6.582 Thread 0x0000020f30fa8800 nmethod 1564 0x0000020f24fafc90 code [0x0000020f24fafe20, 0x0000020f24faff58]
Event: 8.366 Thread 0x0000020f30fa8800 1566       3       io.netty.buffer.PooledUnsafeDirectByteBuf::addr (8 bytes)
Event: 8.366 Thread 0x0000020f30fa8800 nmethod 1566 0x0000020f1da2e510 code [0x0000020f1da2e6a0, 0x0000020f1da2e838]
Event: 8.367 Thread 0x0000020f30fa8800 1567       3       java.lang.CharacterDataLatin1::digit (32 bytes)
Event: 8.367 Thread 0x0000020f30fa8800 nmethod 1567 0x0000020f1dcdb510 code [0x0000020f1dcdb6c0, 0x0000020f1dcdb978]
Event: 8.377 Thread 0x0000020f30fa7800 1568       4       java.lang.ThreadLocal::getMap (5 bytes)
Event: 8.378 Thread 0x0000020f30fa7800 nmethod 1568 0x0000020f24fb0410 code [0x0000020f24fb05a0, 0x0000020f24fb0638]
Event: 8.378 Thread 0x0000020f30fa7800 1569 % !   4       java.util.concurrent.ConcurrentHashMap::transfer @ 372 (849 bytes)
Event: 8.386 Thread 0x0000020f30fa8800 1570       1       io.netty.channel.DefaultChannelPipeline::channel (5 bytes)
Event: 8.386 Thread 0x0000020f30fa8800 nmethod 1570 0x0000020f24fb0710 code [0x0000020f24fb08a0, 0x0000020f24fb09d8]
Event: 8.390 Thread 0x0000020f30fa8800 1571       3       sun.invoke.util.BytecodeDescriptor::unparseMethod (66 bytes)
Event: 8.392 Thread 0x0000020f30fa8800 nmethod 1571 0x0000020f1dcdba90 code [0x0000020f1dcdbd00, 0x0000020f1dcdc630]
Event: 8.393 Thread 0x0000020f30fa8800 1572       1       com.google.common.collect.ImmutableEntry::getKey (5 bytes)
Event: 8.393 Thread 0x0000020f30fa8800 nmethod 1572 0x0000020f24fb0a90 code [0x0000020f24fb0c20, 0x0000020f24fb0d58]

GC Heap History (4 events):
Event: 0.816 GC heap before
{Heap before GC invocations=0 (full 0):
 garbage-first heap   total 65536K, used 14336K [0x00000000c1600000, 0x0000000100000000)
  region size 1024K, 14 young (14336K), 0 survivors (0K)
 Metaspace       used 3022K, capacity 6291K, committed 6528K, reserved 1056768K
  class space    used 233K, capacity 522K, committed 640K, reserved 1048576K
}
Event: 0.823 GC heap after
{Heap after GC invocations=1 (full 0):
 garbage-first heap   total 65536K, used 3491K [0x00000000c1600000, 0x0000000100000000)
  region size 1024K, 2 young (2048K), 2 survivors (2048K)
 Metaspace       used 3022K, capacity 6291K, committed 6528K, reserved 1056768K
  class space    used 233K, capacity 522K, committed 640K, reserved 1048576K
}
Event: 2.801 GC heap before
{Heap before GC invocations=1 (full 0):
 garbage-first heap   total 65536K, used 40355K [0x00000000c1600000, 0x0000000100000000)
  region size 1024K, 38 young (38912K), 2 survivors (2048K)
 Metaspace       used 11832K, capacity 12094K, committed 12416K, reserved 1060864K
  class space    used 1259K, capacity 1327K, committed 1408K, reserved 1048576K
}
Event: 2.809 GC heap after
{Heap after GC invocations=2 (full 0):
 garbage-first heap   total 65536K, used 6216K [0x00000000c1600000, 0x0000000100000000)
  region size 1024K, 5 young (5120K), 5 survivors (5120K)
 Metaspace       used 11832K, capacity 12094K, committed 12416K, reserved 1060864K
  class space    used 1259K, capacity 1327K, committed 1408K, reserved 1048576K
}

Deoptimization events (20 events):
Event: 3.423 Thread 0x0000020f14f65000 Uncommon trap: trap_request=0xffffff45 fr.pc=0x0000020f24f833bc relative=0x000000000000039c
Event: 3.423 Thread 0x0000020f14f65000 Uncommon trap: reason=unstable_if action=reinterpret pc=0x0000020f24f833bc method=java.io.ByteArrayInputStream.read([BII)I @ 35 c2
Event: 3.423 Thread 0x0000020f14f65000 DEOPT PACKING pc=0x0000020f24f833bc sp=0x000000b7b4efe880
Event: 3.423 Thread 0x0000020f14f65000 DEOPT UNPACKING pc=0x0000020f1d4a912f sp=0x000000b7b4efe840 mode 2
Event: 3.443 Thread 0x0000020f14f65000 Uncommon trap: trap_request=0xffffffde fr.pc=0x0000020f24f98d48 relative=0x0000000000000128
Event: 3.443 Thread 0x0000020f14f65000 Uncommon trap: reason=class_check action=maybe_recompile pc=0x0000020f24f98d48 method=jdk.internal.misc.Unsafe.allocateUninitializedArray(Ljava/lang/Class;I)Ljava/lang/Object; @ 48 c2
Event: 3.443 Thread 0x0000020f14f65000 DEOPT PACKING pc=0x0000020f24f98d48 sp=0x000000b7b4ef9ed0
Event: 3.443 Thread 0x0000020f14f65000 DEOPT UNPACKING pc=0x0000020f1d4a912f sp=0x000000b7b4ef9e58 mode 2
Event: 3.443 Thread 0x0000020f14f65000 Uncommon trap: trap_request=0xffffffde fr.pc=0x0000020f24f98d48 relative=0x0000000000000128
Event: 3.443 Thread 0x0000020f14f65000 Uncommon trap: reason=class_check action=maybe_recompile pc=0x0000020f24f98d48 method=jdk.internal.misc.Unsafe.allocateUninitializedArray(Ljava/lang/Class;I)Ljava/lang/Object; @ 48 c2
Event: 3.443 Thread 0x0000020f14f65000 DEOPT PACKING pc=0x0000020f24f98d48 sp=0x000000b7b4ef9f70
Event: 3.443 Thread 0x0000020f14f65000 DEOPT UNPACKING pc=0x0000020f1d4a912f sp=0x000000b7b4ef9ef8 mode 2
Event: 3.443 Thread 0x0000020f14f65000 Uncommon trap: trap_request=0xffffffde fr.pc=0x0000020f24f98d48 relative=0x0000000000000128
Event: 3.443 Thread 0x0000020f14f65000 Uncommon trap: reason=class_check action=maybe_recompile pc=0x0000020f24f98d48 method=jdk.internal.misc.Unsafe.allocateUninitializedArray(Ljava/lang/Class;I)Ljava/lang/Object; @ 48 c2
Event: 3.443 Thread 0x0000020f14f65000 DEOPT PACKING pc=0x0000020f24f98d48 sp=0x000000b7b4ef9d60
Event: 3.443 Thread 0x0000020f14f65000 DEOPT UNPACKING pc=0x0000020f1d4a912f sp=0x000000b7b4ef9ce8 mode 2
Event: 3.443 Thread 0x0000020f14f65000 Uncommon trap: trap_request=0xffffffde fr.pc=0x0000020f24f98d48 relative=0x0000000000000128
Event: 3.443 Thread 0x0000020f14f65000 Uncommon trap: reason=class_check action=maybe_recompile pc=0x0000020f24f98d48 method=jdk.internal.misc.Unsafe.allocateUninitializedArray(Ljava/lang/Class;I)Ljava/lang/Object; @ 48 c2
Event: 3.443 Thread 0x0000020f14f65000 DEOPT PACKING pc=0x0000020f24f98d48 sp=0x000000b7b4ef9a40
Event: 3.443 Thread 0x0000020f14f65000 DEOPT UNPACKING pc=0x0000020f1d4a912f sp=0x000000b7b4ef99c8 mode 2

Classes unloaded (0 events):
No events

Classes redefined (0 events):
No events

Internal exceptions (20 events):
Event: 1.492 Thread 0x0000020f14f65000 Exception <a 'java/lang/NoSuchMethodError'{0x00000000c44a0208}: 'int java.lang.invoke.DirectMethodHandle$Holder.invokeStaticInit(java.lang.Object, java.lang.Object)'> (0x00000000c44a0208) 
thrown [t:/workspace/open/src/hotspot/share/interpreter/linkResolver.cpp, line 767]
Event: 2.125 Thread 0x0000020f14f65000 Exception <a 'java/lang/NoSuchMethodError'{0x00000000c3e686c0}: 'java.lang.Object java.lang.invoke.DirectMethodHandle$Holder.invokeStaticInit(java.lang.Object, java.lang.Object, int, int, int, int)'> (0x00000000c3e686c0) 
thrown [t:/workspace/open/src/hotspot/share/interpreter/linkResolver.cpp, line 767]
Event: 2.542 Thread 0x0000020f14f65000 Exception <a 'java/lang/NoSuchMethodError'{0x00000000c3aace98}: 'java.lang.Object java.lang.invoke.Invokers$Holder.linkToTargetMethod(java.lang.Object, int, java.lang.Object)'> (0x00000000c3aace98) 
thrown [t:/workspace/open/src/hotspot/share/interpreter/linkResolver.cpp, line 767]
Event: 2.644 Thread 0x0000020f14f65000 Exception <a 'java/lang/NoSuchMethodError'{0x00000000c349b220}: 'java.lang.Object java.lang.invoke.DirectMethodHandle$Holder.invokeSpecialIFC(java.lang.Object, java.lang.Object, java.lang.Object, java.lang.Object)'> (0x00000000c349b220) 
thrown [t:/workspace/open/src/hotspot/share/interpreter/linkResolver.cpp, line 767]
Event: 2.780 Thread 0x0000020f32410800 Exception <a 'java/lang/NoSuchMethodError'{0x00000000c301fdb0}: 'void java.lang.invoke.DirectMethodHandle$Holder.invokeStatic(java.lang.Object, long)'> (0x00000000c301fdb0) 
thrown [t:/workspace/open/src/hotspot/share/interpreter/linkResolver.cpp, line 767]
Event: 2.790 Thread 0x0000020f32410800 Exception <a 'java/lang/NoSuchMethodError'{0x00000000c302a5d0}: 'java.lang.Object java.lang.invoke.DirectMethodHandle$Holder.invokeStaticInit(java.lang.Object, java.lang.Object, long, java.lang.Object)'> (0x00000000c302a5d0) 
thrown [t:/workspace/open/src/hotspot/share/interpreter/linkResolver.cpp, line 767]
Event: 2.791 Thread 0x0000020f32410800 Exception <a 'java/lang/NoSuchMethodError'{0x00000000c3030198}: 'java.lang.Object java.lang.invoke.Invokers$Holder.linkToTargetMethod(java.lang.Object, long, java.lang.Object)'> (0x00000000c3030198) 
thrown [t:/workspace/open/src/hotspot/share/interpreter/linkResolver.cpp, line 767]
Event: 3.247 Thread 0x0000020f3243d000 Exception <a 'java/net/SocketException'{0x00000000c5552e38}: Socket is not connected: shutdown> (0x00000000c5552e38) 
thrown [t:/workspace/open/src/hotspot/share/prims/jni.cpp, line 619]
Event: 3.331 Thread 0x0000020f14f65000 Exception <a 'java/lang/NoSuchMethodError'{0x00000000c547fa18}: 'java.lang.Object java.lang.invoke.DirectMethodHandle$Holder.invokeInterface(java.lang.Object, java.lang.Object, java.lang.Object)'> (0x00000000c547fa18) 
thrown [t:/workspace/open/src/hotspot/share/interpreter/linkResolver.cpp, line 767]
Event: 3.332 Thread 0x0000020f14f65000 Exception <a 'java/lang/IncompatibleClassChangeError'{0x00000000c5482680}: Found class java.lang.Object, but interface was expected> (0x00000000c5482680) 
thrown [t:/workspace/open/src/hotspot/share/interpreter/linkResolver.cpp, line 833]
Event: 3.335 Thread 0x0000020f14f65000 Exception <a 'java/lang/NoSuchMethodError'{0x00000000c548a2a0}: 'int java.lang.invoke.DirectMethodHandle$Holder.invokeSpecialIFC(java.lang.Object, java.lang.Object, java.lang.Object, java.lang.Object)'> (0x00000000c548a2a0) 
thrown [t:/workspace/open/src/hotspot/share/interpreter/linkResolver.cpp, line 767]
Event: 3.337 Thread 0x0000020f14f65000 Exception <a 'java/lang/NoSuchMethodError'{0x00000000c5492338}: 'java.lang.Object java.lang.invoke.DirectMethodHandle$Holder.invokeInterface(java.lang.Object, java.lang.Object, java.lang.Object, java.lang.Object)'> (0x00000000c5492338) 
thrown [t:/workspace/open/src/hotspot/share/interpreter/linkResolver.cpp, line 767]
Event: 3.357 Thread 0x0000020f14f65000 Exception <a 'java/lang/NoSuchMethodError'{0x00000000c54e41b8}: 'int java.lang.invoke.DirectMethodHandle$Holder.invokeVirtual(java.lang.Object, java.lang.Object)'> (0x00000000c54e41b8) 
thrown [t:/workspace/open/src/hotspot/share/interpreter/linkResolver.cpp, line 767]
Event: 3.359 Thread 0x0000020f14f65000 Exception <a 'java/lang/NoSuchMethodError'{0x00000000c54e99f8}: 'double java.lang.invoke.DirectMethodHandle$Holder.invokeVirtual(java.lang.Object, java.lang.Object)'> (0x00000000c54e99f8) 
thrown [t:/workspace/open/src/hotspot/share/interpreter/linkResolver.cpp, line 767]
Event: 3.361 Thread 0x0000020f14f65000 Exception <a 'java/lang/NoSuchMethodError'{0x00000000c54ef2b8}: 'float java.lang.invoke.DirectMethodHandle$Holder.invokeVirtual(java.lang.Object, java.lang.Object)'> (0x00000000c54ef2b8) 
thrown [t:/workspace/open/src/hotspot/share/interpreter/linkResolver.cpp, line 767]
Event: 3.362 Thread 0x0000020f14f65000 Exception <a 'java/lang/NoSuchMethodError'{0x00000000c54f6dc0}: 'long java.lang.invoke.DirectMethodHandle$Holder.invokeVirtual(java.lang.Object, java.lang.Object)'> (0x00000000c54f6dc0) 
thrown [t:/workspace/open/src/hotspot/share/interpreter/linkResolver.cpp, line 767]
Event: 3.368 Thread 0x0000020f14f65000 Exception <a 'java/lang/NoSuchMethodError'{0x00000000c5330fd8}: 'java.lang.Object java.lang.invoke.DirectMethodHandle$Holder.invokeVirtual(java.lang.Object, java.lang.Object, java.lang.Object)'> (0x00000000c5330fd8) 
thrown [t:/workspace/open/src/hotspot/share/interpreter/linkResolver.cpp, line 767]
Event: 3.521 Thread 0x0000020f14f65000 Exception <a 'java/lang/NoSuchMethodError'{0x00000000c4fc3008}: 'void java.lang.invoke.DirectMethodHandle$Holder.invokeStatic(java.lang.Object, java.lang.Object, java.lang.Object, java.lang.Object, java.lang.Object)'> (0x00000000c4fc3008) 
thrown [t:/workspace/open/src/hotspot/share/interpreter/linkResolver.cpp, line 767]
Event: 3.634 Thread 0x0000020f14f65000 Exception <a 'java/lang/NoSuchMethodError'{0x00000000c4b253c8}: 'void java.lang.invoke.DirectMethodHandle$Holder.invokeStatic(java.lang.Object, java.lang.Object, java.lang.Object, java.lang.Object)'> (0x00000000c4b253c8) 
thrown [t:/workspace/open/src/hotspot/share/interpreter/linkResolver.cpp, line 767]
Event: 3.695 Thread 0x0000020f14f65000 Exception <a 'java/lang/NoSuchMethodError'{0x00000000c4731350}: 'void java.lang.invoke.DirectMethodHandle$Holder.invokeSpecial(java.lang.Object, java.lang.Object, java.lang.Object, java.lang.Object, java.lang.Object, java.lang.Object)'> (0x00000000c4731350) 
thrown [t:/workspace/open/src/hotspot/share/interpreter/linkResolver.cpp, line 767]

Events (20 events):
Event: 8.391 loading class io/netty/handler/codec/HeadersUtils$StringIterator
Event: 8.391 loading class io/netty/handler/codec/HeadersUtils$StringIterator done
Event: 8.392 loading class org/openqa/selenium/remote/http/HttpResponse
Event: 8.392 loading class org/openqa/selenium/remote/http/HttpResponse done
Event: 8.392 loading class org/openqa/selenium/remote/http/HttpResponse
Event: 8.392 loading class org/openqa/selenium/remote/http/HttpResponse done
Event: 8.393 loading class com/google/common/net/MediaType$Tokenizer
Event: 8.393 loading class com/google/common/net/MediaType$Tokenizer done
Event: 8.394 loading class com/google/common/collect/ImmutableSet$Indexed$1
Event: 8.394 loading class com/google/common/collect/ImmutableSet$Indexed$1 done
Event: 8.395 loading class com/google/common/base/MoreObjects
Event: 8.395 loading class com/google/common/base/MoreObjects done
Event: 8.396 loading class com/google/common/io/ByteStreams
Event: 8.396 loading class com/google/common/io/ByteStreams done
Event: 8.398 loading class com/google/common/io/ByteStreams$1
Event: 8.398 loading class com/google/common/io/ByteStreams$1 done
Event: 8.398 loading class com/google/common/io/ByteStreams$LimitedInputStream
Event: 8.398 loading class com/google/common/io/ByteStreams$LimitedInputStream done
Event: 8.399 loading class com/google/common/io/ByteArrayDataOutput
Event: 8.399 loading class com/google/common/io/ByteArrayDataOutput done


Dynamic libraries:
0x00007ff62d8c0000 - 0x00007ff62d8cf000 	C:\Program Files\Java\jdk-13.0.1\bin\javaw.exe
0x00007ff915fb0000 - 0x00007ff916191000 	C:\Windows\SYSTEM32\ntdll.dll
0x00007ff913e30000 - 0x00007ff913ee2000 	C:\Windows\System32\KERNEL32.DLL
0x00007ff9131c0000 - 0x00007ff913433000 	C:\Windows\System32\KERNELBASE.dll
0x00007ff9124a0000 - 0x00007ff91259a000 	C:\Windows\System32\ucrtbase.dll
0x00007ff8f8d90000 - 0x00007ff8f8da8000 	C:\Program Files\Java\jdk-13.0.1\bin\jli.dll
0x00007ff8f8600000 - 0x00007ff8f8615000 	C:\Program Files\Java\jdk-13.0.1\bin\VCRUNTIME140.dll
0x00007ff913ef0000 - 0x00007ff913f91000 	C:\Windows\System32\ADVAPI32.dll
0x00007ff913d30000 - 0x00007ff913dce000 	C:\Windows\System32\msvcrt.dll
0x00007ff913a50000 - 0x00007ff913aab000 	C:\Windows\System32\sechost.dll
0x00007ff9148c0000 - 0x00007ff9149e4000 	C:\Windows\System32\RPCRT4.dll
0x00007ff913b70000 - 0x00007ff913d00000 	C:\Windows\System32\USER32.dll
0x00007ff912380000 - 0x00007ff9123a0000 	C:\Windows\System32\win32u.dll
0x00007ff903ac0000 - 0x00007ff903d29000 	C:\Windows\WinSxS\amd64_microsoft.windows.common-controls_6595b64144ccf1df_6.0.17134.112_none_fb3f961b30681c12\COMCTL32.dll
0x00007ff914000000 - 0x00007ff914028000 	C:\Windows\System32\GDI32.dll
0x00007ff914290000 - 0x00007ff9145b3000 	C:\Windows\System32\combase.dll
0x00007ff913020000 - 0x00007ff9131b2000 	C:\Windows\System32\gdi32full.dll
0x00007ff912f80000 - 0x00007ff91301f000 	C:\Windows\System32\msvcp_win.dll
0x00007ff9125a0000 - 0x00007ff91261a000 	C:\Windows\System32\bcryptPrimitives.dll
0x00007ff905330000 - 0x00007ff90533a000 	C:\Windows\SYSTEM32\VERSION.dll
0x00007ff913d00000 - 0x00007ff913d2d000 	C:\Windows\System32\IMM32.DLL
0x00007ff8e97f0000 - 0x00007ff8e988b000 	C:\Program Files\Java\jdk-13.0.1\bin\msvcp140.dll
0x00007ff8c6140000 - 0x00007ff8c6ca6000 	C:\Program Files\Java\jdk-13.0.1\bin\server\jvm.dll
0x00007ff914280000 - 0x00007ff914288000 	C:\Windows\System32\PSAPI.DLL
0x00007ff8fed10000 - 0x00007ff8fed19000 	C:\Windows\SYSTEM32\WSOCK32.dll
0x00007ff910530000 - 0x00007ff910553000 	C:\Windows\SYSTEM32\WINMM.dll
0x00007ff914030000 - 0x00007ff91409c000 	C:\Windows\System32\WS2_32.dll
0x00007ff910500000 - 0x00007ff91052a000 	C:\Windows\SYSTEM32\WINMMBASE.dll
0x00007ff912450000 - 0x00007ff912499000 	C:\Windows\System32\cfgmgr32.dll
0x00007ff912360000 - 0x00007ff912371000 	C:\Windows\System32\kernel.appcore.dll
0x00007ff90de10000 - 0x00007ff90de20000 	C:\Program Files\Java\jdk-13.0.1\bin\verify.dll
0x00007ff901730000 - 0x00007ff9018f9000 	C:\Windows\SYSTEM32\DBGHELP.DLL
0x00007ff9015f0000 - 0x00007ff901619000 	C:\Windows\SYSTEM32\dbgcore.DLL
0x00007ff8fb510000 - 0x00007ff8fb536000 	C:\Program Files\Java\jdk-13.0.1\bin\java.dll
0x00007ff8fd7b0000 - 0x00007ff8fd7c7000 	C:\Program Files\Java\jdk-13.0.1\bin\zip.dll
0x00007ff90d2b0000 - 0x00007ff90d2ba000 	C:\Program Files\Java\jdk-13.0.1\bin\jimage.dll
0x00007ff9149f0000 - 0x00007ff915e30000 	C:\Windows\System32\SHELL32.dll
0x00007ff913ab0000 - 0x00007ff913b59000 	C:\Windows\System32\shcore.dll
0x00007ff912870000 - 0x00007ff912f7d000 	C:\Windows\System32\windows.storage.dll
0x00007ff913dd0000 - 0x00007ff913e21000 	C:\Windows\System32\shlwapi.dll
0x00007ff9122c0000 - 0x00007ff9122df000 	C:\Windows\System32\profapi.dll
0x00007ff9122f0000 - 0x00007ff91233c000 	C:\Windows\System32\powrprof.dll
0x00007ff9122e0000 - 0x00007ff9122ea000 	C:\Windows\System32\FLTLIB.DLL
0x00007ff8fc9a0000 - 0x00007ff8fc9b9000 	C:\Program Files\Java\jdk-13.0.1\bin\net.dll
0x00007ff90b7f0000 - 0x00007ff90b8cd000 	C:\Windows\SYSTEM32\WINHTTP.dll
0x00007ff911ae0000 - 0x00007ff911b46000 	C:\Windows\system32\mswsock.dll
0x00007ff8fc460000 - 0x00007ff8fc473000 	C:\Program Files\Java\jdk-13.0.1\bin\nio.dll
0x00007ff9118a0000 - 0x00007ff91195e000 	C:\Windows\SYSTEM32\DNSAPI.dll
0x00007ff913b60000 - 0x00007ff913b68000 	C:\Windows\System32\NSI.dll
0x00007ff911860000 - 0x00007ff911898000 	C:\Windows\SYSTEM32\IPHLPAPI.DLL
0x00007ff907520000 - 0x00007ff90752a000 	C:\Windows\System32\rasadhlp.dll
0x00007ff908190000 - 0x00007ff908202000 	C:\Windows\System32\fwpuclnt.dll
0x00007ff911dc0000 - 0x00007ff911de5000 	C:\Windows\SYSTEM32\bcrypt.dll
0x00007ff90deb0000 - 0x00007ff90deb9000 	C:\Program Files\Java\jdk-13.0.1\bin\management.dll
0x00007ff8ff690000 - 0x00007ff8ff69b000 	C:\Program Files\Java\jdk-13.0.1\bin\management_ext.dll
0x00007ff8f49d0000 - 0x00007ff8f49f5000 	C:\Program Files\Java\jdk-13.0.1\bin\sunec.dll
0x00007ff911c90000 - 0x00007ff911ca7000 	C:\Windows\SYSTEM32\CRYPTSP.dll
0x00007ff9116c0000 - 0x00007ff9116f3000 	C:\Windows\system32\rsaenh.dll
0x00007ff9121f0000 - 0x00007ff912218000 	C:\Windows\SYSTEM32\USERENV.dll
0x00007ff911cb0000 - 0x00007ff911cbb000 	C:\Windows\SYSTEM32\CRYPTBASE.dll
0x00007ff90a720000 - 0x00007ff90a736000 	C:\Windows\SYSTEM32\dhcpcsvc6.DLL
0x00007ff90b200000 - 0x00007ff90b21a000 	C:\Windows\SYSTEM32\dhcpcsvc.DLL
0x00007ff90d900000 - 0x00007ff90d90e000 	C:\Program Files\Java\jdk-13.0.1\bin\sunmscapi.dll
0x00007ff912680000 - 0x00007ff912862000 	C:\Windows\System32\CRYPT32.dll
0x00007ff912340000 - 0x00007ff912352000 	C:\Windows\System32\MSASN1.dll
0x00007ff911d90000 - 0x00007ff911db6000 	C:\Windows\SYSTEM32\ncrypt.dll
0x00007ff911d50000 - 0x00007ff911d86000 	C:\Windows\SYSTEM32\NTASN1.dll
0x00007ff8ff0f0000 - 0x00007ff8ff106000 	C:\Windows\system32\napinsp.dll
0x00007ff8ff0d0000 - 0x00007ff8ff0ea000 	C:\Windows\system32\pnrpnsp.dll
0x00007ff90ec10000 - 0x00007ff90ec29000 	C:\Windows\system32\NLAapi.dll
0x00007ff8ff0c0000 - 0x00007ff8ff0ce000 	C:\Windows\System32\winrnr.dll
0x00007ff8ff0a0000 - 0x00007ff8ff0b5000 	C:\Windows\System32\wshbth.dll

dbghelp: loaded successfully - version: 4.0.5 - missing functions: none
symbol engine: initialized successfully - sym options: 0x614 - pdb path: .;C:\Program Files\Java\jdk-13.0.1\bin;C:\Windows\SYSTEM32;C:\Windows\WinSxS\amd64_microsoft.windows.common-controls_6595b64144ccf1df_6.0.17134.112_none_fb3f961b30681c12;C:\Program Files\Java\jdk-13.0.1\bin\server

VM Arguments:
jvm_args: -Dfile.encoding=UTF-8 
java_command: typesofLocators.Locators.locatorsExample
java_class_path (initial): C:\Users\Avni\eclipse-workspace3\Locators\target\classes;C:\Users\Avni\.m2\repository\org\seleniumhq\selenium\selenium-java\4.0.0-alpha-6\selenium-java-4.0.0-alpha-6.jar;C:\Users\Avni\.m2\repository\org\seleniumhq\selenium\selenium-api\4.0.0-alpha-6\selenium-api-4.0.0-alpha-6.jar;C:\Users\Avni\.m2\repository\org\seleniumhq\selenium\selenium-chrome-driver\4.0.0-alpha-6\selenium-chrome-driver-4.0.0-alpha-6.jar;C:\Users\Avni\.m2\repository\com\google\auto\service\auto-service-annotations\1.0-rc6\auto-service-annotations-1.0-rc6.jar;C:\Users\Avni\.m2\repository\com\google\auto\service\auto-service\1.0-rc6\auto-service-1.0-rc6.jar;C:\Users\Avni\.m2\repository\com\google\auto\auto-common\0.10\auto-common-0.10.jar;C:\Users\Avni\.m2\repository\com\google\guava\guava\29.0-jre\guava-29.0-jre.jar;C:\Users\Avni\.m2\repository\com\google\guava\failureaccess\1.0.1\failureaccess-1.0.1.jar;C:\Users\Avni\.m2\repository\com\google\guava\listenablefuture\9999.0-empty-to-avoid-conflict-with-guava\listenablefuture-9999.0-empty-to-avoid-conflict-with-guava.jar;C:\Users\Avni\.m2\repository\com\google\code\findbugs\jsr305\3.0.2\jsr305-3.0.2.jar;C:\Users\Avni\.m2\repository\org\checkerframework\checker-qual\2.11.1\checker-qual-2.11.1.jar;C:\Users\Avni\.m2\repository\com\google\errorprone\error_prone_annotations\2.3.4\error_prone_annotations-2.3.4.jar;C:\Users\Avni\.m2\repository\com\google\j2objc\j2objc-annotations\1.3\j2objc-annotations-1.3.jar;C:\Users\Avni\.m2\repository\org\seleniumhq\selenium\selenium-chromium-driver\4.0.0-alpha-6\selenium-chromium-driver-4.0.0-alpha-6.jar;C:\Users\Avni\.m2\repository\org\seleniumhq\selenium\selenium-devtools\4.0.0-alpha-6\selenium-devtools-4.0.0-alpha-6.jar;C:\Users\Avni\.m2\repository\org\seleniumhq\selenium\selenium-http\4.0.0-alpha-6\selenium-http-4.0.0-alpha-6.jar;C:\Users\Avni\.m2\repository\org\seleniumhq\selenium\selenium-json\4.0.0-alpha-6\selenium-json-4.0.0-alpha-6.jar;C:\Users\Avni\.m2\repository\org\seleniumhq\
Launcher Type: SUN_STANDARD

[Global flags]
     intx CICompilerCount                          = 3                                         {product} {ergonomic}
     uint ConcGCThreads                            = 1                                         {product} {ergonomic}
     uint G1ConcRefinementThreads                  = 4                                         {product} {ergonomic}
   size_t G1HeapRegionSize                         = 1048576                                   {product} {ergonomic}
    uintx GCDrainStackTargetSize                   = 64                                        {product} {ergonomic}
   size_t InitialHeapSize                          = 67108864                                  {product} {ergonomic}
   size_t MarkStackSize                            = 4194304                                   {product} {ergonomic}
   size_t MaxHeapSize                              = 1050673152                                {product} {ergonomic}
   size_t MaxNewSize                               = 630194176                                 {product} {ergonomic}
   size_t MinHeapDeltaBytes                        = 1048576                                   {product} {ergonomic}
   size_t MinHeapSize                              = 8388608                                   {product} {ergonomic}
    uintx NonNMethodCodeHeapSize                   = 5830732                                {pd product} {ergonomic}
    uintx NonProfiledCodeHeapSize                  = 122913754                              {pd product} {ergonomic}
    uintx ProfiledCodeHeapSize                     = 122913754                              {pd product} {ergonomic}
    uintx ReservedCodeCacheSize                    = 251658240                              {pd product} {ergonomic}
     bool SegmentedCodeCache                       = true                                      {product} {ergonomic}
   size_t SoftMaxHeapSize                          = 1050673152                             {manageable} {ergonomic}
     bool UseCompressedClassPointers               = true                                 {lp64_product} {ergonomic}
     bool UseCompressedOops                        = true                                 {lp64_product} {ergonomic}
     bool UseG1GC                                  = true                                      {product} {ergonomic}
     bool UseLargePagesIndividualAllocation        = false                                  {pd product} {ergonomic}

Logging:
Log output configuration:
 #0: stdout all=warning uptime,level,tags
 #1: stderr all=off uptime,level,tags

Environment Variables:
JAVA_HOME=C:\Program Files\Java\jdk1.8.0_241
PATH=C:/Program Files/Java/jdk-13.0.1/bin/server;C:/Program Files/Java/jdk-13.0.1/bin;C:\Program Files (x86)\Common Files\Oracle\Java\javapath;C:\Windows\system32;C:\Windows;C:\Windows\System32\Wbem;C:\Windows\System32\WindowsPowerShell\v1.0\;C:\Windows\System32\OpenSSH\;C:\Program Files\Java\jdk1.8.0_241\bin;E:\apache-maven-3.6.3-bin\apache-maven-3.6.3\bin;E:\original\axis2-1.6.2\bin;C:\Program Files\Git\cmd;C:\Users\Avni\AppData\Local\Android\Sdk\tools\bin;C:\Users\Avni\AppData\Local\Android\Sdk\tools;C:\Users\Avni\AppData\Local\Android\Sdk\platform-tools;C:\Program Files\nodejs\;C:\Program Files\nodejs\node_modules\npm\bin;C:\Program Files\Java\jdk1.8.0_241\bin;C:\Program Files\Java\jdk1.8.0_241\lib;C:\Program Files\Java\jdk1.8.0_241;C:\Program Files\MySQL\MySQL Shell 8.0\bin\;C:\Users\Avni\AppData\Roaming\npm;C:\Windows\System32;
USERNAME=Avni
OS=Windows_NT
PROCESSOR_IDENTIFIER=Intel64 Family 6 Model 142 Stepping 10, GenuineIntel



---------------  S Y S T E M  ---------------

OS: Windows 10 , 64 bit Build 17134 (10.0.17134.1)

CPU:total 4 (initial active 4) (2 cores per cpu, 2 threads per core) family 6 model 142 stepping 10, cmov, cx8, fxsr, mmx, sse, sse2, sse3, ssse3, sse4.1, sse4.2, popcnt, avx, avx2, aes, clmul, erms, 3dnowpref, lzcnt, ht, tsc, tscinvbit, bmi1, bmi2, adx, fma

Memory: 4k page, system-wide physical 4005M (172M free)
TotalPageFile size 16293M (AvailPageFile size 3M)
current process WorkingSet (physical memory assigned to process): 141M, peak: 143M
current process commit charge ("private bytes"): 181M, peak: 183M

vm_info: Java HotSpot(TM) 64-Bit Server VM (13.0.1+9) for windows-amd64 JRE (13.0.1+9), built on Oct  6 2019 12:37:49 by "mach5one" with unknown MS VC++:1916

END.
